# JRE version: OpenJDK Runtime Environment Temurin-17.0.16+8 (17.0.16+8) (build 17.0.16+8)
# Java VM: OpenJDK 64-Bit Server VM Temurin-17.0.16+8 (17.0.16+8, mixed mode, sharing, tiered, compressed oops, compressed class ptrs, g1 gc, windows-amd64)
GC Precious Log:
 CPUs: 12 total, 12 available
 Memory: 8059M
 Large Page Support: Disabled
 NUMA Support: Disabled
 Compressed Oops: Enabled (32-bit)
 Heap Region Size: 1M
 Heap Min Capacity: 8M
 Heap Initial Capacity: 126M
 Heap Max Capacity: 2016M
 Pre-touch: Disabled
 Parallel Workers: 10
 Concurrent Workers: 3
 Concurrent Refinement Workers: 10
 Periodic GC: Disabled
Heap:
 garbage-first heap   total 76800K, used 52510K [0x0000000082000000, 0x0000000100000000)
  region size 1024K, 11 young (11264K), 1 survivors (1024K)
 Metaspace       used 98262K, committed 99008K, reserved 1179648K
  class space    used 13510K, committed 13888K, reserved 1048576K
GC Heap History (20 events):
Event: 14.508 GC heap before
{Heap before GC invocations=23 (full 0):
 garbage-first heap   total 75776K, used 60367K [0x0000000082000000, 0x0000000100000000)
  region size 1024K, 21 young (21504K), 1 survivors (1024K)
 Metaspace       used 92451K, committed 93184K, reserved 1179648K
  class space    used 12707K, committed 13056K, reserved 1048576K
}
Event: 14.511 GC heap after
{Heap after GC invocations=24 (full 0):
 garbage-first heap   total 75776K, used 42998K [0x0000000082000000, 0x0000000100000000)
  region size 1024K, 3 young (3072K), 3 survivors (3072K)
 Metaspace       used 92451K, committed 93184K, reserved 1179648K
  class space    used 12707K, committed 13056K, reserved 1048576K
}
Event: 32.872 GC heap before
{Heap before GC invocations=25 (full 0):
 garbage-first heap   total 75776K, used 59382K [0x0000000082000000, 0x0000000100000000)
  region size 1024K, 20 young (20480K), 3 survivors (3072K)
 Metaspace       used 93612K, committed 94336K, reserved 1179648K
  class space    used 12833K, committed 13184K, reserved 1048576K
}
Event: 32.876 GC heap after
{Heap after GC invocations=26 (full 0):
 garbage-first heap   total 75776K, used 43385K [0x0000000082000000, 0x0000000100000000)
  region size 1024K, 1 young (1024K), 1 survivors (1024K)
 Metaspace       used 93612K, committed 94336K, reserved 1179648K
  class space    used 12833K, committed 13184K, reserved 1048576K
}
Event: 35.441 GC heap before
{Heap before GC invocations=26 (full 0):
 garbage-first heap   total 75776K, used 45433K [0x0000000082000000, 0x0000000100000000)
  region size 1024K, 3 young (3072K), 1 survivors (1024K)
 Metaspace       used 93859K, committed 94592K, reserved 1179648K
  class space    used 12859K, committed 13248K, reserved 1048576K
}
Event: 35.442 GC heap after
{Heap after GC invocations=27 (full 0):
 garbage-first heap   total 75776K, used 43123K [0x0000000082000000, 0x0000000100000000)
  region size 1024K, 1 young (1024K), 1 survivors (1024K)
 Metaspace       used 93859K, committed 94592K, reserved 1179648K
  class space    used 12859K, committed 13248K, reserved 1048576K
}
Event: 60.465 GC heap before
{Heap before GC invocations=27 (full 0):
 garbage-first heap   total 75776K, used 61555K [0x0000000082000000, 0x0000000100000000)
  region size 1024K, 19 young (19456K), 1 survivors (1024K)
 Metaspace       used 94149K, committed 94912K, reserved 1179648K
  class space    used 12866K, committed 13248K, reserved 1048576K
}
Event: 60.467 GC heap after
{Heap after GC invocations=28 (full 0):
 garbage-first heap   total 75776K, used 43136K [0x0000000082000000, 0x0000000100000000)
  region size 1024K, 1 young (1024K), 1 survivors (1024K)
 Metaspace       used 94149K, committed 94912K, reserved 1179648K
  class space    used 12866K, committed 13248K, reserved 1048576K
}
Event: 210.065 GC heap before
{Heap before GC invocations=29 (full 0):
 garbage-first heap   total 76800K, used 62592K [0x0000000082000000, 0x0000000100000000)
  region size 1024K, 20 young (20480K), 1 survivors (1024K)
 Metaspace       used 94225K, committed 94976K, reserved 1179648K
  class space    used 12866K, committed 13248K, reserved 1048576K
}
Event: 210.067 GC heap after
{Heap after GC invocations=30 (full 0):
 garbage-first heap   total 76800K, used 43133K [0x0000000082000000, 0x0000000100000000)
  region size 1024K, 1 young (1024K), 1 survivors (1024K)
 Metaspace       used 94225K, committed 94976K, reserved 1179648K
  class space    used 12866K, committed 13248K, reserved 1048576K
}
Event: 226.405 GC heap before
{Heap before GC invocations=30 (full 0):
 garbage-first heap   total 76800K, used 45181K [0x0000000082000000, 0x0000000100000000)
  region size 1024K, 3 young (3072K), 1 survivors (1024K)
 Metaspace       used 94229K, committed 94976K, reserved 1179648K
  class space    used 12866K, committed 13248K, reserved 1048576K
}
Event: 226.407 GC heap after
{Heap after GC invocations=31 (full 0):
 garbage-first heap   total 76800K, used 42705K [0x0000000082000000, 0x0000000100000000)
  region size 1024K, 1 young (1024K), 1 survivors (1024K)
 Metaspace       used 94229K, committed 94976K, reserved 1179648K
  class space    used 12866K, committed 13248K, reserved 1048576K
}
Event: 288.174 GC heap before
{Heap before GC invocations=31 (full 0):
 garbage-first heap   total 76800K, used 62161K [0x0000000082000000, 0x0000000100000000)
  region size 1024K, 21 young (21504K), 1 survivors (1024K)
 Metaspace       used 96633K, committed 97408K, reserved 1179648K
  class space    used 13329K, committed 13696K, reserved 1048576K
}
Event: 288.177 GC heap after
{Heap after GC invocations=32 (full 0):
 garbage-first heap   total 76800K, used 43869K [0x0000000082000000, 0x0000000100000000)
  region size 1024K, 2 young (2048K), 2 survivors (2048K)
 Metaspace       used 96633K, committed 97408K, reserved 1179648K
  class space    used 13329K, committed 13696K, reserved 1048576K
}
Event: 331.485 GC heap before
{Heap before GC invocations=32 (full 0):
 garbage-first heap   total 76800K, used 62301K [0x0000000082000000, 0x0000000100000000)
  region size 1024K, 21 young (21504K), 2 survivors (2048K)
 Metaspace       used 98109K, committed 98880K, reserved 1179648K
  class space    used 13505K, committed 13888K, reserved 1048576K
}
Event: 331.488 GC heap after
{Heap after GC invocations=33 (full 0):
 garbage-first heap   total 76800K, used 44435K [0x0000000082000000, 0x0000000100000000)
  region size 1024K, 2 young (2048K), 2 survivors (2048K)
 Metaspace       used 98109K, committed 98880K, reserved 1179648K
  class space    used 13505K, committed 13888K, reserved 1048576K
}
Event: 490.509 GC heap before
{Heap before GC invocations=34 (full 0):
 garbage-first heap   total 76800K, used 63891K [0x0000000082000000, 0x0000000100000000)
  region size 1024K, 22 young (22528K), 2 survivors (2048K)
 Metaspace       used 98163K, committed 98944K, reserved 1179648K
  class space    used 13506K, committed 13888K, reserved 1048576K
}
Event: 490.519 GC heap after
{Heap after GC invocations=35 (full 0):
 garbage-first heap   total 76800K, used 44566K [0x0000000082000000, 0x0000000100000000)
  region size 1024K, 1 young (1024K), 1 survivors (1024K)
 Metaspace       used 98163K, committed 98944K, reserved 1179648K
  class space    used 13506K, committed 13888K, reserved 1048576K
}
Event: 501.765 GC heap before
{Heap before GC invocations=35 (full 0):
 garbage-first heap   total 76800K, used 46614K [0x0000000082000000, 0x0000000100000000)
  region size 1024K, 3 young (3072K), 1 survivors (1024K)
 Metaspace       used 98186K, committed 98944K, reserved 1179648K
  class space    used 13506K, committed 13888K, reserved 1048576K
}
Event: 501.772 GC heap after
{Heap after GC invocations=36 (full 0):
 garbage-first heap   total 76800K, used 44318K [0x0000000082000000, 0x0000000100000000)
  region size 1024K, 1 young (1024K), 1 survivors (1024K)
 Metaspace       used 98186K, committed 98944K, reserved 1179648K
  class space    used 13506K, committed 13888K, reserved 1048576K
}

